2025-01-26 00:03:31,856 - ERROR - The column 'job_id' expects a INTEGER, but the value '' is invalid. Row: ['2', 'Ty Hofer', '2021-05-30T05:43:46Z', '8', '']
2025-01-26 00:03:31,860 - ERROR - The column 'department_id' expects a INTEGER, but the value '' is invalid. Row: ['67', 'Thia Morican', '2021-03-10T19:27:10Z', '', '104']
2025-01-26 00:03:31,861 - ERROR - The column 'job_id' expects a INTEGER, but the value '' is invalid. Row: ['84', 'Ludvig Norwood', '2021-02-26T18:47:53Z', '3', '']
2025-01-26 00:03:31,861 - ERROR - The column 'department_id' expects a INTEGER, but the value '' is invalid. Row: ['87', 'Cirstoforo Martinetto', '2021-10-15T09:19:20Z', '', '84']
2025-01-26 00:03:31,862 - ERROR - The column 'department_id' expects a INTEGER, but the value '' is invalid. Row: ['97', 'Beltran Natte', '2021-11-01T05:12:01Z', '', '67']
2025-01-26 00:03:31,864 - ERROR - The column 'department_id' expects a INTEGER, but the value '' is invalid. Row: ['133', 'Jennine Wapol', '2022-01-24T14:45:57Z', '', '49']
2025-01-26 00:03:31,865 - ERROR - The column 'datetime' expects a DATETIME, but the value '' is invalid. Row: ['157', 'Kellia Barribal', '', '4', '61']
2025-01-26 00:03:31,868 - ERROR - The column 'job_id' expects a INTEGER, but the value '' is invalid. Row: ['198', 'Carline Fryman', '2021-05-29T00:23:02Z', '5', '']
2025-01-26 00:03:31,869 - ERROR - The column 'department_id' expects a INTEGER, but the value '' is invalid. Row: ['207', 'Ahmad Fader', '2021-05-03T04:57:25Z', '', '66']
2025-01-26 00:03:31,869 - ERROR - The column 'department_id' expects a INTEGER, but the value '' is invalid. Row: ['216', 'Theobald Tzarkov', '2022-01-26T14:56:48Z', '', '87']
2025-01-26 00:03:31,881 - ERROR - The column 'job_id' expects a INTEGER, but the value '' is invalid. Row: ['393', 'Bogey Hanwell', '2022-01-05T17:29:34Z', '6', '']
2025-01-26 00:03:31,889 - ERROR - The column 'job_id' expects a INTEGER, but the value '' is invalid. Row: ['533', 'Tiertza Vanyashin', '2022-02-04T20:16:06Z', '3', '']
2025-01-26 00:03:31,895 - ERROR - The column 'datetime' expects a DATETIME, but the value '' is invalid. Row: ['663', 'Catha Gowrie', '', '4', '85']
2025-01-26 00:03:31,896 - ERROR - The column 'department_id' expects a INTEGER, but the value '' is invalid. Row: ['685', 'Bruno Pales', '2022-01-16T19:23:39Z', '', '92']
2025-01-26 00:03:31,900 - ERROR - The column 'job_id' expects a INTEGER, but the value '' is invalid. Row: ['758', 'Dyanne Rainy', '2021-06-11T00:56:42Z', '8', '']
2025-01-26 00:03:31,901 - ERROR - The column 'datetime' expects a DATETIME, but the value '' is invalid. Row: ['789', 'Jennine Fakeley', '', '2', '94']
2025-01-26 00:03:31,901 - ERROR - The column 'job_id' expects a INTEGER, but the value '' is invalid. Row: ['792', 'Hetty Cawthery', '2022-01-21T11:08:04Z', '10', '']
2025-01-26 00:03:31,903 - ERROR - The column 'department_id' expects a INTEGER, but the value '' is invalid. Row: ['824', 'Kaitlynn Rannald', '2021-04-18T15:11:19Z', '', '64']
2025-01-26 00:03:31,903 - ERROR - The column 'department_id' expects a INTEGER, but the value '' is invalid. Row: ['832', 'Letta Paull', '2021-10-29T02:35:02Z', '', '122']
2025-01-26 00:03:31,907 - ERROR - The column 'job_id' expects a INTEGER, but the value '' is invalid. Row: ['932', 'Celeste Stops', '2021-02-07T22:14:01Z', '8', '']
2025-01-26 00:03:31,908 - ERROR - The column 'department_id' expects a INTEGER, but the value '' is invalid. Row: ['942', 'Joaquin Kamenar', '2021-11-29T11:54:05Z', '', '64']
2025-01-26 00:03:31,908 - ERROR - The column 'job_id' expects a INTEGER, but the value '' is invalid. Row: ['955', 'Shena Gore', '2021-08-16T21:25:08Z', '9', '']
2025-01-26 00:03:31,909 - ERROR - The column 'job_id' expects a INTEGER, but the value '' is invalid. Row: ['961', 'Lionello Andriesse', '2022-02-12T05:19:44Z', '8', '']
2025-01-26 00:03:32,463 - ERROR - The column 'datetime' expects a DATETIME, but the value '' is invalid. Row: ['1092', 'Floria Bineham', '', '7', '137']
2025-01-26 00:03:32,464 - ERROR - The column 'datetime' expects a DATETIME, but the value '' is invalid. Row: ['1095', 'Lowell Blaber', '', '9', '141']
2025-01-26 00:03:32,464 - ERROR - The column 'department_id' expects a INTEGER, but the value '' is invalid. Row: ['1098', 'Colman Bleesing', '2021-10-12T17:55:32Z', '', '77']
2025-01-26 00:03:32,465 - ERROR - The column 'department_id' expects a INTEGER, but the value '' is invalid. Row: ['1110', 'Renee Bowe', '2021-08-31T20:26:32Z', '', '112']
2025-01-26 00:03:32,474 - ERROR - The column 'datetime' expects a DATETIME, but the value '' is invalid. Row: ['1252', 'Merrily Di Biaggi', '', '7', '19']
2025-01-26 00:03:32,476 - ERROR - The column 'department_id' expects a INTEGER, but the value '' is invalid. Row: ['1279', 'Phaidra Dubbin', '2021-10-25T12:19:32Z', '', '38']
2025-01-26 00:03:32,477 - ERROR - The column 'job_id' expects a INTEGER, but the value '' is invalid. Row: ['1304', 'Tildie Elby', '2021-09-29T14:02:27Z', '8', '']
2025-01-26 00:03:32,478 - ERROR - The column 'datetime' expects a DATETIME, but the value '' is invalid. Row: ['1323', 'Erv Fazan', '', '8', '34']
2025-01-26 00:03:32,483 - ERROR - The column 'department_id' expects a INTEGER, but the value '' is invalid. Row: ['1413', 'Berna Grigorkin', '2021-08-02T13:21:07Z', '', '103']
2025-01-26 00:03:32,483 - ERROR - The column 'department_id' expects a INTEGER, but the value '' is invalid. Row: ['1423', 'Rozelle Hadleigh', '2021-08-08T01:23:27Z', '', '108']
2025-01-26 00:03:32,484 - ERROR - The column 'department_id' expects a INTEGER, but the value '' is invalid. Row: ['1432', 'Jerrine Hammerson', '2022-01-20T22:47:27Z', '', '98']
2025-01-26 00:03:32,485 - ERROR - The column 'department_id' expects a INTEGER, but the value '' is invalid. Row: ['1463', 'Shell Houdhury', '2022-01-04T17:20:18Z', '', '50']
2025-01-26 00:03:32,485 - ERROR - The column 'datetime' expects a DATETIME, but the value '' is invalid. Row: ['1467', 'Sully Huc', '', '8', '148']
2025-01-26 00:03:32,486 - ERROR - The column 'job_id' expects a INTEGER, but the value '' is invalid. Row: ['1474', 'Calhoun Iacovolo', '2021-03-06T03:02:20Z', '7', '']
2025-01-26 00:03:32,486 - ERROR - The column 'datetime' expects a DATETIME, but the value '' is invalid. Row: ['1483', 'Paco Ivain', '', '5', '41']
2025-01-26 00:03:32,488 - ERROR - The column 'job_id' expects a INTEGER, but the value '' is invalid. Row: ['1523', 'Darelle Kenaway', '2021-05-08T10:51:07Z', '7', '']
2025-01-26 00:03:32,490 - ERROR - The column 'job_id' expects a INTEGER, but the value '' is invalid. Row: ['1561', 'Saxon Lehmann', '2021-10-28T18:29:31Z', '3', '']
2025-01-26 00:03:32,491 - ERROR - The column 'job_id' expects a INTEGER, but the value '' is invalid. Row: ['1589', 'Emmeline MacGrath', '2021-12-12T04:57:39Z', '11', '']
2025-01-26 00:03:32,491 - ERROR - The column 'department_id' expects a INTEGER, but the value '' is invalid. Row: ['1590', 'Niven Mackrell', '2021-05-17T07:18:48Z', '', '85']
2025-01-26 00:03:32,492 - ERROR - The column 'department_id' expects a INTEGER, but the value '' is invalid. Row: ['1613', 'Sigrid Matysik', '2022-02-15T21:20:01Z', '', '143']
2025-01-26 00:03:32,496 - ERROR - The column 'datetime' expects a DATETIME, but the value '' is invalid. Row: ['1686', 'Bessy Oakeby', '', '4', '53']
2025-01-26 00:03:32,497 - ERROR - The column 'department_id' expects a INTEGER, but the value '' is invalid. Row: ['1714', 'Mala Pales', '2021-05-04T04:52:48Z', '', '70']
2025-01-26 00:03:32,500 - ERROR - The column 'datetime' expects a DATETIME, but the value '' is invalid. Row: ['1780', 'Annabelle Reilly', '', '6', '46']
2025-01-26 00:03:32,501 - ERROR - The column 'datetime' expects a DATETIME, but the value '' is invalid. Row: ['1814', 'Theodore Sammut', '', '6', '86']
2025-01-26 00:03:32,503 - ERROR - The column 'job_id' expects a INTEGER, but the value '' is invalid. Row: ['1860', 'Marin Slipper', '2022-02-08T10:39:02Z', '4', '']
2025-01-26 00:03:32,504 - ERROR - The column 'datetime' expects a DATETIME, but the value '' is invalid. Row: ['1869', 'Cesaro Solomon', '', '6', '66']
2025-01-26 00:03:32,506 - ERROR - The column 'datetime' expects a DATETIME, but the value '' is invalid. Row: ['1925', 'Cary Tothe', '', '3', '104']
2025-01-26 00:03:32,508 - ERROR - The column 'department_id' expects a INTEGER, but the value '' is invalid. Row: ['1987', 'Shaina Wyldish', '2021-12-13T10:05:09Z', '', '102']
